build/app/intermediates/manifest_merge_blame_file/release/manifest-merger-blame-release-report.txt
1<?xml version="1.0" encoding="utf-8"?>
2<manifest xmlns:android="http://schemas.android.com/apk/res/android"
3    package="com.resonancehyderabad.ess"
4    android:versionCode="17"
5    android:versionName="1.0.4" >
6
7    <uses-sdk
8        android:minSdkVersion="21"
8-->src/main/AndroidManifest.xml
9        android:targetSdkVersion="33" />
9-->src/main/AndroidManifest.xml
10
11    <uses-permission android:name="android.permission.INTERNET" />
11-->src/main/AndroidManifest.xml:4:5-66
11-->src/main/AndroidManifest.xml:4:22-64
12    <uses-permission android:name="android.permission.WAKE_LOCK" />
12-->[:firebase_messaging] AndroidManifest.xml:10:5-68
12-->[:firebase_messaging] AndroidManifest.xml:10:22-65
13    <uses-permission android:name="android.permission.ACCESS_NETWORK_STATE" /> <!-- Permissions options for the `notification` group -->
13-->[:firebase_messaging] AndroidManifest.xml:11:5-79
13-->[:firebase_messaging] AndroidManifest.xml:11:22-76
14    <uses-permission android:name="android.permission.POST_NOTIFICATIONS" />
14-->[:firebase_messaging] AndroidManifest.xml:13:5-77
14-->[:firebase_messaging] AndroidManifest.xml:13:22-74
15
16    <queries>
16-->[:flutter_inappwebview] AndroidManifest.xml:9:5-13:15
17        <intent>
17-->[:flutter_inappwebview] AndroidManifest.xml:10:9-12:18
18            <action android:name="android.support.customtabs.action.CustomTabsService" />
18-->[:flutter_inappwebview] AndroidManifest.xml:11:13-90
18-->[:flutter_inappwebview] AndroidManifest.xml:11:21-87
19        </intent>
20    </queries>
21
22    <uses-permission android:name="android.permission.RECEIVE_BOOT_COMPLETED" />
22-->[:flutter_local_notifications] AndroidManifest.xml:9:5-81
22-->[:flutter_local_notifications] AndroidManifest.xml:9:22-78
23    <uses-permission android:name="android.permission.VIBRATE" />
23-->[:flutter_local_notifications] AndroidManifest.xml:10:5-66
23-->[:flutter_local_notifications] AndroidManifest.xml:10:22-63
24    <uses-permission android:name="android.permission.USE_FULL_SCREEN_INTENT" />
24-->[:flutter_local_notifications] AndroidManifest.xml:11:5-81
24-->[:flutter_local_notifications] AndroidManifest.xml:11:22-78
25    <uses-permission android:name="android.permission.SCHEDULE_EXACT_ALARM" /> <!-- Required by older versions of Google Play services to create IID tokens -->
25-->[:flutter_local_notifications] AndroidManifest.xml:12:5-79
25-->[:flutter_local_notifications] AndroidManifest.xml:12:22-76
26    <uses-permission android:name="com.google.android.c2dm.permission.RECEIVE" />
26-->[com.google.firebase:firebase-messaging:23.2.0] AndroidManifest.xml:28:5-82
26-->[com.google.firebase:firebase-messaging:23.2.0] AndroidManifest.xml:28:22-79
27
28    <application
29        android:name="android.app.Application"
29-->src/main/AndroidManifest.xml:7:9-42
30        android:appComponentFactory="androidx.core.app.CoreComponentFactory"
30-->[androidx.core:core:1.8.0] AndroidManifest.xml:24:18-86
31        android:icon="@mipmap/ic_launcher"
31-->src/main/AndroidManifest.xml:8:9-43
32        android:label="Reso Bridge - Staff" >
32-->src/main/AndroidManifest.xml:6:9-44
33        <activity
33-->src/main/AndroidManifest.xml:9:9-31:20
34            android:name="com.resonancehyderabad.ess.MainActivity"
34-->src/main/AndroidManifest.xml:10:13-41
35            android:configChanges="orientation|keyboardHidden|keyboard|screenSize|smallestScreenSize|locale|layoutDirection|fontScale|screenLayout|density|uiMode"
35-->src/main/AndroidManifest.xml:14:13-163
36            android:exported="true"
36-->src/main/AndroidManifest.xml:11:13-36
37            android:hardwareAccelerated="true"
37-->src/main/AndroidManifest.xml:15:13-47
38            android:launchMode="singleTop"
38-->src/main/AndroidManifest.xml:12:13-43
39            android:theme="@style/LaunchTheme"
39-->src/main/AndroidManifest.xml:13:13-47
40            android:windowSoftInputMode="adjustResize" >
40-->src/main/AndroidManifest.xml:16:13-55
41
42            <!--
43                 Specifies an Android theme to apply to this Activity as soon as
44                 the Android process has started. This theme is visible to the user
45                 while the Flutter UI initializes. After that, this theme continues
46                 to determine the Window background behind the Flutter UI.
47            -->
48            <meta-data
48-->src/main/AndroidManifest.xml:21:13-24:17
49                android:name="io.flutter.embedding.android.NormalTheme"
49-->src/main/AndroidManifest.xml:22:15-70
50                android:resource="@style/NormalTheme" />
50-->src/main/AndroidManifest.xml:23:15-52
51
52            <intent-filter>
52-->src/main/AndroidManifest.xml:25:13-30:29
53                <action android:name="android.intent.action.MAIN" />
53-->src/main/AndroidManifest.xml:26:17-68
53-->src/main/AndroidManifest.xml:26:25-66
54:
55                android:exported=”true”
56                <category android:name="android.intent.category.LAUNCHER" />
56-->src/main/AndroidManifest.xml:28:17-76
56-->src/main/AndroidManifest.xml:28:27-74
57:
58                android:exported=”true”
59            </intent-filter>
60        </activity>
61        <!--
62             Don't delete the meta-data below.
63             This is used by the Flutter tool to generate GeneratedPluginRegistrant.java
64        -->
65        <meta-data
65-->src/main/AndroidManifest.xml:34:9-36:33
66            android:name="flutterEmbedding"
66-->src/main/AndroidManifest.xml:35:13-44
67            android:value="2" />
67-->src/main/AndroidManifest.xml:36:13-30
68
69        <service
69-->[:firebase_messaging] AndroidManifest.xml:16:9-19:72
70            android:name="io.flutter.plugins.firebase.messaging.FlutterFirebaseMessagingBackgroundService"
70-->[:firebase_messaging] AndroidManifest.xml:17:13-107
71            android:exported="false"
71-->[:firebase_messaging] AndroidManifest.xml:18:13-37
72            android:permission="android.permission.BIND_JOB_SERVICE" />
72-->[:firebase_messaging] AndroidManifest.xml:19:13-69
73        <service
73-->[:firebase_messaging] AndroidManifest.xml:20:9-26:19
74            android:name="io.flutter.plugins.firebase.messaging.FlutterFirebaseMessagingService"
74-->[:firebase_messaging] AndroidManifest.xml:21:13-97
75            android:exported="false" >
75-->[:firebase_messaging] AndroidManifest.xml:22:13-37
76            <intent-filter>
76-->[:firebase_messaging] AndroidManifest.xml:23:13-25:29
77                <action android:name="com.google.firebase.MESSAGING_EVENT" />
77-->[:firebase_messaging] AndroidManifest.xml:24:17-78
77-->[:firebase_messaging] AndroidManifest.xml:24:25-75
78            </intent-filter>
79        </service>
80
81        <receiver
81-->[:firebase_messaging] AndroidManifest.xml:28:9-35:20
82            android:name="io.flutter.plugins.firebase.messaging.FlutterFirebaseMessagingReceiver"
82-->[:firebase_messaging] AndroidManifest.xml:29:13-98
83            android:exported="true"
83-->[:firebase_messaging] AndroidManifest.xml:30:13-36
84            android:permission="com.google.android.c2dm.permission.SEND" >
84-->[:firebase_messaging] AndroidManifest.xml:31:13-73
85            <intent-filter>
85-->[:firebase_messaging] AndroidManifest.xml:32:13-34:29
86                <action android:name="com.google.android.c2dm.intent.RECEIVE" />
86-->[:firebase_messaging] AndroidManifest.xml:33:17-81
86-->[:firebase_messaging] AndroidManifest.xml:33:25-78
87            </intent-filter>
88        </receiver>
89
90        <service
90-->[:firebase_messaging] AndroidManifest.xml:37:9-41:19
91            android:name="com.google.firebase.components.ComponentDiscoveryService"
91-->[:firebase_messaging] AndroidManifest.xml:37:18-89
92            android:directBootAware="true"
92-->[com.google.firebase:firebase-common:20.3.3] AndroidManifest.xml:34:13-43
93            android:exported="false" >
93-->[com.google.firebase:firebase-messaging:23.2.0] AndroidManifest.xml:54:13-37
94            <meta-data
94-->[:firebase_messaging] AndroidManifest.xml:38:13-40:85
95                android:name="com.google.firebase.components:io.flutter.plugins.firebase.messaging.FlutterFirebaseAppRegistrar"
95-->[:firebase_messaging] AndroidManifest.xml:39:17-128
96                android:value="com.google.firebase.components.ComponentRegistrar" />
96-->[:firebase_messaging] AndroidManifest.xml:40:17-82
97            <meta-data
97-->[:firebase_core] AndroidManifest.xml:11:13-13:85
98                android:name="com.google.firebase.components:io.flutter.plugins.firebase.core.FlutterFirebaseCoreRegistrar"
98-->[:firebase_core] AndroidManifest.xml:12:17-124
99                android:value="com.google.firebase.components.ComponentRegistrar" />
99-->[:firebase_core] AndroidManifest.xml:13:17-82
100            <meta-data
100-->[com.google.firebase:firebase-messaging:23.2.0] AndroidManifest.xml:55:13-57:85
101                android:name="com.google.firebase.components:com.google.firebase.messaging.FirebaseMessagingRegistrar"
101-->[com.google.firebase:firebase-messaging:23.2.0] AndroidManifest.xml:56:17-119
102                android:value="com.google.firebase.components.ComponentRegistrar" />
102-->[com.google.firebase:firebase-messaging:23.2.0] AndroidManifest.xml:57:17-82
103            <meta-data
103-->[com.google.firebase:firebase-iid:21.1.0] AndroidManifest.xml:32:13-34:85
104                android:name="com.google.firebase.components:com.google.firebase.iid.Registrar"
104-->[com.google.firebase:firebase-iid:21.1.0] AndroidManifest.xml:33:17-96
105                android:value="com.google.firebase.components.ComponentRegistrar" />
105-->[com.google.firebase:firebase-iid:21.1.0] AndroidManifest.xml:34:17-82
106            <meta-data
106-->[com.google.firebase:firebase-installations:17.1.3] AndroidManifest.xml:17:13-19:85
107                android:name="com.google.firebase.components:com.google.firebase.installations.FirebaseInstallationsRegistrar"
107-->[com.google.firebase:firebase-installations:17.1.3] AndroidManifest.xml:18:17-127
108                android:value="com.google.firebase.components.ComponentRegistrar" />
108-->[com.google.firebase:firebase-installations:17.1.3] AndroidManifest.xml:19:17-82
109            <meta-data
109-->[com.google.firebase:firebase-datatransport:18.1.7] AndroidManifest.xml:27:13-29:85
110                android:name="com.google.firebase.components:com.google.firebase.datatransport.TransportRegistrar"
110-->[com.google.firebase:firebase-datatransport:18.1.7] AndroidManifest.xml:28:17-115
111                android:value="com.google.firebase.components.ComponentRegistrar" />
111-->[com.google.firebase:firebase-datatransport:18.1.7] AndroidManifest.xml:29:17-82
112        </service>
113
114        <provider
114-->[:firebase_messaging] AndroidManifest.xml:43:9-47:38
115            android:name="io.flutter.plugins.firebase.messaging.FlutterFirebaseMessagingInitProvider"
115-->[:firebase_messaging] AndroidManifest.xml:44:13-102
116            android:authorities="com.resonancehyderabad.ess.flutterfirebasemessaginginitprovider"
116-->[:firebase_messaging] AndroidManifest.xml:45:13-88
117            android:exported="false"
117-->[:firebase_messaging] AndroidManifest.xml:46:13-37
118            android:initOrder="99" />
118-->[:firebase_messaging] AndroidManifest.xml:47:13-35
119
120        <activity
120-->[:flutter_inappwebview] AndroidManifest.xml:16:9-20:47
121            android:name="com.pichillilorenzo.flutter_inappwebview.in_app_browser.InAppBrowserActivity"
121-->[:flutter_inappwebview] AndroidManifest.xml:17:13-104
122            android:configChanges="orientation|keyboardHidden|keyboard|screenSize|locale|layoutDirection|fontScale|screenLayout|density"
122-->[:flutter_inappwebview] AndroidManifest.xml:18:13-137
123            android:exported="false"
123-->[:flutter_inappwebview] AndroidManifest.xml:19:13-37
124            android:theme="@style/AppTheme" />
124-->[:flutter_inappwebview] AndroidManifest.xml:20:13-44
125        <activity
125-->[:flutter_inappwebview] AndroidManifest.xml:21:9-24:55
126            android:name="com.pichillilorenzo.flutter_inappwebview.chrome_custom_tabs.ChromeCustomTabsActivity"
126-->[:flutter_inappwebview] AndroidManifest.xml:22:13-112
127            android:exported="false"
127-->[:flutter_inappwebview] AndroidManifest.xml:23:13-37
128            android:theme="@style/ThemeTransparent" />
128-->[:flutter_inappwebview] AndroidManifest.xml:24:13-52
129        <activity
129-->[:flutter_inappwebview] AndroidManifest.xml:25:9-28:55
130            android:name="com.pichillilorenzo.flutter_inappwebview.chrome_custom_tabs.TrustedWebActivity"
130-->[:flutter_inappwebview] AndroidManifest.xml:26:13-106
131            android:exported="false"
131-->[:flutter_inappwebview] AndroidManifest.xml:27:13-37
132            android:theme="@style/ThemeTransparent" />
132-->[:flutter_inappwebview] AndroidManifest.xml:28:13-52
133        <activity
133-->[:flutter_inappwebview] AndroidManifest.xml:29:9-33:55
134            android:name="com.pichillilorenzo.flutter_inappwebview.chrome_custom_tabs.ChromeCustomTabsActivitySingleInstance"
134-->[:flutter_inappwebview] AndroidManifest.xml:30:13-126
135            android:exported="false"
135-->[:flutter_inappwebview] AndroidManifest.xml:31:13-37
136            android:launchMode="singleInstance"
136-->[:flutter_inappwebview] AndroidManifest.xml:32:13-48
137            android:theme="@style/ThemeTransparent" />
137-->[:flutter_inappwebview] AndroidManifest.xml:33:13-52
138        <activity
138-->[:flutter_inappwebview] AndroidManifest.xml:34:9-38:55
139            android:name="com.pichillilorenzo.flutter_inappwebview.chrome_custom_tabs.TrustedWebActivitySingleInstance"
139-->[:flutter_inappwebview] AndroidManifest.xml:35:13-120
140            android:exported="false"
140-->[:flutter_inappwebview] AndroidManifest.xml:36:13-37
141            android:launchMode="singleInstance"
141-->[:flutter_inappwebview] AndroidManifest.xml:37:13-48
142            android:theme="@style/ThemeTransparent" />
142-->[:flutter_inappwebview] AndroidManifest.xml:38:13-52
143
144        <receiver
144-->[:flutter_inappwebview] AndroidManifest.xml:40:9-43:40
145            android:name="com.pichillilorenzo.flutter_inappwebview.chrome_custom_tabs.ActionBroadcastReceiver"
145-->[:flutter_inappwebview] AndroidManifest.xml:41:13-111
146            android:enabled="true"
146-->[:flutter_inappwebview] AndroidManifest.xml:42:13-35
147            android:exported="false" />
147-->[:flutter_inappwebview] AndroidManifest.xml:43:13-37
148
149        <meta-data
149-->[:flutter_inappwebview] AndroidManifest.xml:45:9-47:36
150            android:name="io.flutter.embedded_views_preview"
150-->[:flutter_inappwebview] AndroidManifest.xml:46:13-61
151            android:value="true" />
151-->[:flutter_inappwebview] AndroidManifest.xml:47:13-33
152
153        <receiver
153-->[:flutter_local_notifications] AndroidManifest.xml:16:9-18:40
154            android:name="com.dexterous.flutterlocalnotifications.ActionBroadcastReceiver"
154-->[:flutter_local_notifications] AndroidManifest.xml:17:13-91
155            android:exported="false" />
155-->[:flutter_local_notifications] AndroidManifest.xml:18:13-37
156        <receiver
156-->[:flutter_local_notifications] AndroidManifest.xml:19:9-21:40
157            android:name="com.dexterous.flutterlocalnotifications.ScheduledNotificationReceiver"
157-->[:flutter_local_notifications] AndroidManifest.xml:20:13-97
158            android:exported="false" />
158-->[:flutter_local_notifications] AndroidManifest.xml:21:13-37
159        <receiver
159-->[:flutter_local_notifications] AndroidManifest.xml:22:9-31:20
160            android:name="com.dexterous.flutterlocalnotifications.ScheduledNotificationBootReceiver"
160-->[:flutter_local_notifications] AndroidManifest.xml:23:13-101
161            android:exported="false" >
161-->[:flutter_local_notifications] AndroidManifest.xml:24:13-37
162            <intent-filter>
162-->[:flutter_local_notifications] AndroidManifest.xml:25:13-30:29
163                <action android:name="android.intent.action.BOOT_COMPLETED" />
163-->[:flutter_local_notifications] AndroidManifest.xml:26:17-79
163-->[:flutter_local_notifications] AndroidManifest.xml:26:25-76
164                <action android:name="android.intent.action.MY_PACKAGE_REPLACED" />
164-->[:flutter_local_notifications] AndroidManifest.xml:27:17-84
164-->[:flutter_local_notifications] AndroidManifest.xml:27:25-81
165                <action android:name="android.intent.action.QUICKBOOT_POWERON" />
165-->[:flutter_local_notifications] AndroidManifest.xml:28:17-82
165-->[:flutter_local_notifications] AndroidManifest.xml:28:25-79
166                <action android:name="com.htc.intent.action.QUICKBOOT_POWERON" />
166-->[:flutter_local_notifications] AndroidManifest.xml:29:17-82
166-->[:flutter_local_notifications] AndroidManifest.xml:29:25-79
167            </intent-filter>
168        </receiver>
169
170        <activity
170-->[:url_launcher_android] AndroidManifest.xml:10:9-13:74
171            android:name="io.flutter.plugins.urllauncher.WebViewActivity"
171-->[:url_launcher_android] AndroidManifest.xml:11:13-74
172            android:exported="false"
172-->[:url_launcher_android] AndroidManifest.xml:12:13-37
173            android:theme="@android:style/Theme.NoTitleBar.Fullscreen" />
173-->[:url_launcher_android] AndroidManifest.xml:13:13-71
174
175        <uses-library
175-->[androidx.window:window:1.0.0-beta04] AndroidManifest.xml:25:9-27:40
176            android:name="androidx.window.extensions"
176-->[androidx.window:window:1.0.0-beta04] AndroidManifest.xml:26:13-54
177            android:required="false" />
177-->[androidx.window:window:1.0.0-beta04] AndroidManifest.xml:27:13-37
178        <uses-library
178-->[androidx.window:window:1.0.0-beta04] AndroidManifest.xml:28:9-30:40
179            android:name="androidx.window.sidecar"
179-->[androidx.window:window:1.0.0-beta04] AndroidManifest.xml:29:13-51
180            android:required="false" />
180-->[androidx.window:window:1.0.0-beta04] AndroidManifest.xml:30:13-37
181
182        <activity
182-->[com.google.android.gms:play-services-auth:20.4.0] AndroidManifest.xml:23:9-27:75
183            android:name="com.google.android.gms.auth.api.signin.internal.SignInHubActivity"
183-->[com.google.android.gms:play-services-auth:20.4.0] AndroidManifest.xml:24:13-93
184            android:excludeFromRecents="true"
184-->[com.google.android.gms:play-services-auth:20.4.0] AndroidManifest.xml:25:13-46
185            android:exported="false"
185-->[com.google.android.gms:play-services-auth:20.4.0] AndroidManifest.xml:26:13-37
186            android:theme="@android:style/Theme.Translucent.NoTitleBar" />
186-->[com.google.android.gms:play-services-auth:20.4.0] AndroidManifest.xml:27:13-72
187        <!--
188            Service handling Google Sign-In user revocation. For apps that do not integrate with
189            Google Sign-In, this service will never be started.
190        -->
191        <service
191-->[com.google.android.gms:play-services-auth:20.4.0] AndroidManifest.xml:33:9-37:51
192            android:name="com.google.android.gms.auth.api.signin.RevocationBoundService"
192-->[com.google.android.gms:play-services-auth:20.4.0] AndroidManifest.xml:34:13-89
193            android:exported="true"
193-->[com.google.android.gms:play-services-auth:20.4.0] AndroidManifest.xml:35:13-36
194            android:permission="com.google.android.gms.auth.api.signin.permission.REVOCATION_NOTIFICATION"
194-->[com.google.android.gms:play-services-auth:20.4.0] AndroidManifest.xml:36:13-107
195            android:visibleToInstantApps="true" />
195-->[com.google.android.gms:play-services-auth:20.4.0] AndroidManifest.xml:37:13-48
196
197        <receiver
197-->[com.google.firebase:firebase-messaging:23.2.0] AndroidManifest.xml:31:9-38:20
198            android:name="com.google.firebase.iid.FirebaseInstanceIdReceiver"
198-->[com.google.firebase:firebase-messaging:23.2.0] AndroidManifest.xml:32:13-78
199            android:exported="true"
199-->[com.google.firebase:firebase-messaging:23.2.0] AndroidManifest.xml:33:13-36
200            android:permission="com.google.android.c2dm.permission.SEND" >
200-->[com.google.firebase:firebase-messaging:23.2.0] AndroidManifest.xml:34:13-73
201            <intent-filter>
201-->[:firebase_messaging] AndroidManifest.xml:32:13-34:29
202                <action android:name="com.google.android.c2dm.intent.RECEIVE" />
202-->[:firebase_messaging] AndroidManifest.xml:33:17-81
202-->[:firebase_messaging] AndroidManifest.xml:33:25-78
203            </intent-filter>
204        </receiver>
205        <!--
206             FirebaseMessagingService performs security checks at runtime,
207             but set to not exported to explicitly avoid allowing another app to call it.
208        -->
209        <service
209-->[com.google.firebase:firebase-messaging:23.2.0] AndroidManifest.xml:44:9-51:19
210            android:name="com.google.firebase.messaging.FirebaseMessagingService"
210-->[com.google.firebase:firebase-messaging:23.2.0] AndroidManifest.xml:45:13-82
211            android:directBootAware="true"
211-->[com.google.firebase:firebase-messaging:23.2.0] AndroidManifest.xml:46:13-43
212            android:exported="false" >
212-->[com.google.firebase:firebase-messaging:23.2.0] AndroidManifest.xml:47:13-37
213            <intent-filter android:priority="-500" >
213-->[:firebase_messaging] AndroidManifest.xml:23:13-25:29
214                <action android:name="com.google.firebase.MESSAGING_EVENT" />
214-->[:firebase_messaging] AndroidManifest.xml:24:17-78
214-->[:firebase_messaging] AndroidManifest.xml:24:25-75
215            </intent-filter>
216        </service>
217
218        <activity
218-->[com.google.android.gms:play-services-base:18.0.1] AndroidManifest.xml:20:9-22:45
219            android:name="com.google.android.gms.common.api.GoogleApiActivity"
219-->[com.google.android.gms:play-services-base:18.0.1] AndroidManifest.xml:20:19-85
220            android:exported="false"
220-->[com.google.android.gms:play-services-base:18.0.1] AndroidManifest.xml:22:19-43
221            android:theme="@android:style/Theme.Translucent.NoTitleBar" />
221-->[com.google.android.gms:play-services-base:18.0.1] AndroidManifest.xml:21:19-78
222
223        <provider
223-->[com.google.firebase:firebase-common:20.3.3] AndroidManifest.xml:25:9-30:39
224            android:name="com.google.firebase.provider.FirebaseInitProvider"
224-->[com.google.firebase:firebase-common:20.3.3] AndroidManifest.xml:26:13-77
225            android:authorities="com.resonancehyderabad.ess.firebaseinitprovider"
225-->[com.google.firebase:firebase-common:20.3.3] AndroidManifest.xml:27:13-72
226            android:directBootAware="true"
226-->[com.google.firebase:firebase-common:20.3.3] AndroidManifest.xml:28:13-43
227            android:exported="false"
227-->[com.google.firebase:firebase-common:20.3.3] AndroidManifest.xml:29:13-37
228            android:initOrder="100" />
228-->[com.google.firebase:firebase-common:20.3.3] AndroidManifest.xml:30:13-36
229
230        <meta-data
230-->[com.google.android.gms:play-services-basement:18.1.0] AndroidManifest.xml:21:9-23:69
231            android:name="com.google.android.gms.version"
231-->[com.google.android.gms:play-services-basement:18.1.0] AndroidManifest.xml:22:13-58
232            android:value="@integer/google_play_services_version" />
232-->[com.google.android.gms:play-services-basement:18.1.0] AndroidManifest.xml:23:13-66
233
234        <provider
234-->[androidx.emoji2:emoji2:1.2.0] AndroidManifest.xml:24:9-32:20
235            android:name="androidx.startup.InitializationProvider"
235-->[androidx.emoji2:emoji2:1.2.0] AndroidManifest.xml:25:13-67
236            android:authorities="com.resonancehyderabad.ess.androidx-startup"
236-->[androidx.emoji2:emoji2:1.2.0] AndroidManifest.xml:26:13-68
237            android:exported="false" >
237-->[androidx.emoji2:emoji2:1.2.0] AndroidManifest.xml:27:13-37
238            <meta-data
238-->[androidx.emoji2:emoji2:1.2.0] AndroidManifest.xml:29:13-31:52
239                android:name="androidx.emoji2.text.EmojiCompatInitializer"
239-->[androidx.emoji2:emoji2:1.2.0] AndroidManifest.xml:30:17-75
240                android:value="androidx.startup" />
240-->[androidx.emoji2:emoji2:1.2.0] AndroidManifest.xml:31:17-49
241            <meta-data
241-->[androidx.lifecycle:lifecycle-process:2.4.1] AndroidManifest.xml:31:13-33:52
242                android:name="androidx.lifecycle.ProcessLifecycleInitializer"
242-->[androidx.lifecycle:lifecycle-process:2.4.1] AndroidManifest.xml:32:17-78
243                android:value="androidx.startup" />
243-->[androidx.lifecycle:lifecycle-process:2.4.1] AndroidManifest.xml:33:17-49
244        </provider>
245
246        <service
246-->[com.google.android.datatransport:transport-backend-cct:3.1.8] AndroidManifest.xml:28:9-34:19
247            android:name="com.google.android.datatransport.runtime.backends.TransportBackendDiscovery"
247-->[com.google.android.datatransport:transport-backend-cct:3.1.8] AndroidManifest.xml:29:13-103
248            android:exported="false" >
248-->[com.google.android.datatransport:transport-backend-cct:3.1.8] AndroidManifest.xml:30:13-37
249            <meta-data
249-->[com.google.android.datatransport:transport-backend-cct:3.1.8] AndroidManifest.xml:31:13-33:39
250                android:name="backend:com.google.android.datatransport.cct.CctBackendFactory"
250-->[com.google.android.datatransport:transport-backend-cct:3.1.8] AndroidManifest.xml:32:17-94
251                android:value="cct" />
251-->[com.google.android.datatransport:transport-backend-cct:3.1.8] AndroidManifest.xml:33:17-36
252        </service>
253        <service
253-->[com.google.android.datatransport:transport-runtime:3.1.8] AndroidManifest.xml:26:9-30:19
254            android:name="com.google.android.datatransport.runtime.scheduling.jobscheduling.JobInfoSchedulerService"
254-->[com.google.android.datatransport:transport-runtime:3.1.8] AndroidManifest.xml:27:13-117
255            android:exported="false"
255-->[com.google.android.datatransport:transport-runtime:3.1.8] AndroidManifest.xml:28:13-37
256            android:permission="android.permission.BIND_JOB_SERVICE" >
256-->[com.google.android.datatransport:transport-runtime:3.1.8] AndroidManifest.xml:29:13-69
257        </service>
258
259        <receiver
259-->[com.google.android.datatransport:transport-runtime:3.1.8] AndroidManifest.xml:32:9-34:40
260            android:name="com.google.android.datatransport.runtime.scheduling.jobscheduling.AlarmManagerSchedulerBroadcastReceiver"
260-->[com.google.android.datatransport:transport-runtime:3.1.8] AndroidManifest.xml:33:13-132
261            android:exported="false" />
261-->[com.google.android.datatransport:transport-runtime:3.1.8] AndroidManifest.xml:34:13-37
262    </application>
263
264</manifest>